\BOOKMARK [1][-]{section.1}{\376\377\230\171\166\356\116\343\170\001}{}% 1
\BOOKMARK [1][-]{section.2}{\376\377\142\245\124\112\144\130\211\201}{}% 2
\BOOKMARK [1][-]{section.3}{\376\377\000V\000M\000A\000S\150\106\147\266\116\313\176\315}{}% 3
\BOOKMARK [2][-]{subsection.3.1}{\376\377\000V\000M\000A\000S\151\202\217\360}{section.3}% 4
\BOOKMARK [2][-]{subsection.3.2}{\376\377\000T\000r\000a\000n\000s\000p\000o\000r\000t\116\373\122\241\143\317\217\360}{section.3}% 5
\BOOKMARK [3][-]{subsubsection.3.2.1}{\376\377\116\373\122\241\162\171\160\271}{subsection.3.2}% 6
\BOOKMARK [3][-]{subsubsection.3.2.2}{\376\377\116\373\122\241\123\302\145\160}{subsection.3.2}% 7
\BOOKMARK [1][-]{section.4}{\376\377\000M\000A\000R\000L\173\227\154\325\123\237\164\006}{}% 8
\BOOKMARK [2][-]{subsection.4.1}{\376\377\000C\000P\000P\000O\000\040\000\050\000C\000e\000n\000t\000r\000a\000l\000i\000z\000e\000d\000\040\000P\000P\000O\000\051}{section.4}% 9
\BOOKMARK [2][-]{subsection.4.2}{\376\377\000M\000A\000P\000P\000O\000\040\000\050\000M\000u\000l\000t\000i\000-\000A\000g\000e\000n\000t\000\040\000P\000P\000O\000\051}{section.4}% 10
\BOOKMARK [2][-]{subsection.4.3}{\376\377\000I\000P\000P\000O\000\040\000\050\000I\000n\000d\000e\000p\000e\000n\000d\000e\000n\000t\000\040\000P\000P\000O\000\051}{section.4}% 11
\BOOKMARK [1][-]{section.5}{\376\377\133\236\232\214\213\276\177\156}{}% 12
\BOOKMARK [2][-]{subsection.5.1}{\376\377\163\257\130\203\221\115\177\156}{section.5}% 13
\BOOKMARK [2][-]{subsection.5.2}{\376\377\213\255\176\303\221\115\177\156}{section.5}% 14
\BOOKMARK [2][-]{subsection.5.3}{\376\377\177\121\176\334\147\266\147\204}{section.5}% 15
\BOOKMARK [1][-]{section.6}{\376\377\123\237\131\313\131\015\163\260\176\323\147\234}{}% 16
\BOOKMARK [2][-]{subsection.6.1}{\376\377\213\255\176\303\140\047\200\375}{section.6}% 17
\BOOKMARK [2][-]{subsection.6.2}{\376\377\133\146\116\140\146\362\176\277\122\006\147\220}{section.6}% 18
\BOOKMARK [3][-]{subsubsection.6.2.1}{\376\377\000M\000A\000P\000P\000O\133\146\116\140\146\362\176\277}{subsection.6.2}% 19
\BOOKMARK [3][-]{subsubsection.6.2.2}{\376\377\000C\000P\000P\000O\133\146\116\140\146\362\176\277}{subsection.6.2}% 20
\BOOKMARK [3][-]{subsubsection.6.2.3}{\376\377\000I\000P\000P\000O\133\146\116\140\146\362\176\277}{subsection.6.2}% 21
\BOOKMARK [2][-]{subsection.6.3}{\376\377\173\227\154\325\133\371\153\324\122\006\147\220}{section.6}% 22
\BOOKMARK [3][-]{subsubsection.6.3.1}{\376\377\140\047\200\375\143\222\124\015}{subsection.6.3}% 23
\BOOKMARK [3][-]{subsubsection.6.3.2}{\376\377\123\117\117\134\200\375\122\233\122\006\147\220}{subsection.6.3}% 24
\BOOKMARK [3][-]{subsubsection.6.3.3}{\376\377\213\241\173\227\131\015\147\102\136\246\122\006\147\220}{subsection.6.3}% 25
\BOOKMARK [1][-]{section.7}{\376\377\116\016\213\272\145\207\176\323\147\234\133\371\153\324}{}% 26
\BOOKMARK [2][-]{subsection.7.1}{\376\377\213\272\145\207\116\055\166\204\176\323\213\272}{section.7}% 27
\BOOKMARK [2][-]{subsection.7.2}{\376\377\131\015\163\260\176\323\147\234\133\371\153\324}{section.7}% 28
\BOOKMARK [3][-]{subsubsection.7.2.1}{\376\377\150\070\137\303\145\160\143\156\133\371\153\324}{subsection.7.2}% 29
\BOOKMARK [3][-]{subsubsection.7.2.2}{\376\377\176\323\147\234\116\000\201\364\140\047\122\006\147\220}{subsection.7.2}% 30
\BOOKMARK [2][-]{subsection.7.3}{\376\377\135\356\137\002\122\006\147\220}{section.7}% 31
\BOOKMARK [3][-]{subsubsection.7.3.1}{\376\377\000C\000P\000P\000O\172\063\133\232\140\047\225\356\230\230}{subsection.7.3}% 32
\BOOKMARK [2][-]{subsection.7.4}{\376\377\131\015\163\260\215\050\221\317\213\304\117\060}{section.7}% 33
\BOOKMARK [3][-]{subsubsection.7.4.1}{\376\377\131\015\163\260\153\143\170\156\140\047}{subsection.7.4}% 34
\BOOKMARK [3][-]{subsubsection.7.4.2}{\376\377\131\015\163\260\133\214\145\164\140\047}{subsection.7.4}% 35
\BOOKMARK [1][-]{section.8}{\376\377\145\071\217\333\145\271\150\110\213\276\213\241}{}% 36
\BOOKMARK [2][-]{subsection.8.1}{\376\377\123\237\131\313\131\015\163\260\116\055\123\321\163\260\166\204\225\356\230\230}{section.8}% 37
\BOOKMARK [3][-]{subsubsection.8.1.1}{\376\377\225\356\230\230\0001\377\032\000C\000P\000P\000O\172\063\133\232\140\047\116\015\215\263}{subsection.8.1}% 38
\BOOKMARK [3][-]{subsubsection.8.1.2}{\376\377\225\356\230\230\0002\377\032\000M\000A\000P\000P\000O\145\066\145\133\220\037\136\246\116\000\202\054}{subsection.8.1}% 39
\BOOKMARK [3][-]{subsubsection.8.1.3}{\376\377\225\356\230\230\0003\377\032\000I\000P\000P\000O\123\117\117\134\200\375\122\233\116\015\215\263}{subsection.8.1}% 40
\BOOKMARK [2][-]{subsection.8.2}{\376\377\145\071\217\333\166\356\150\007}{section.8}% 41
\BOOKMARK [2][-]{subsection.8.3}{\376\377\145\071\217\333\145\271\150\110\377\032\211\302\155\113\137\122\116\000\123\026}{section.8}% 42
\BOOKMARK [3][-]{subsubsection.8.3.1}{\376\377\225\356\230\230\150\071\156\220}{subsection.8.3}% 43
\BOOKMARK [3][-]{subsubsection.8.3.2}{\376\377\211\343\121\263\145\271\150\110}{subsection.8.3}% 44
\BOOKMARK [1][-]{section.9}{\376\377\145\071\217\333\133\236\145\275\176\306\202\202}{}% 45
\BOOKMARK [2][-]{subsection.9.1}{\376\377\211\302\155\113\137\122\116\000\123\026\133\236\163\260}{section.9}% 46
\BOOKMARK [3][-]{subsubsection.9.1.1}{\376\377\150\070\137\303\116\343\170\001}{subsection.9.1}% 47
\BOOKMARK [2][-]{subsection.9.2}{\376\377\145\071\217\333\221\115\177\156\133\371\153\324}{section.9}% 48
\BOOKMARK [1][-]{section.10}{\376\377\145\071\217\333\133\236\232\214\176\323\147\234}{}% 49
\BOOKMARK [2][-]{subsection.10.1}{\376\377\137\353\220\037\232\214\213\301\176\323\147\234\377\010\0003\0000\153\041\217\355\116\343\377\011}{section.10}% 50
\BOOKMARK [2][-]{subsection.10.2}{\376\377\133\214\145\164\155\113\213\325\176\323\147\234\377\010\0003\0000\0000\153\041\217\355\116\343\377\011}{section.10}% 51
\BOOKMARK [2][-]{subsection.10.3}{\376\377\213\346\176\306\122\006\147\220}{section.10}% 52
\BOOKMARK [3][-]{subsubsection.10.3.1}{\376\377\147\000\176\310\131\126\122\261\143\320\123\107\0001\0002\0002\000.\0006\000\045}{subsection.10.3}% 53
\BOOKMARK [3][-]{subsubsection.10.3.2}{\376\377\147\000\232\330\131\126\122\261\143\320\123\107\0002\0007\0005\000.\0001\000\045}{subsection.10.3}% 54
\BOOKMARK [3][-]{subsubsection.10.3.3}{\376\377\213\255\176\303\137\000\225\000\147\201\134\017}{subsection.10.3}% 55
\BOOKMARK [1][-]{section.11}{\376\377\145\071\217\333\147\072\122\066\122\006\147\220}{}% 56
\BOOKMARK [2][-]{subsection.11.1}{\376\377\137\122\116\000\123\026\131\202\117\125\145\071\125\204\140\047\200\375\377\037}{section.11}% 57
\BOOKMARK [3][-]{subsubsection.11.1.1}{\376\377\150\257\136\246\136\163\210\141\147\072\122\066}{subsection.11.1}% 58
\BOOKMARK [3][-]{subsubsection.11.1.2}{\376\377\117\030\123\026\172\172\225\364\145\071\125\204}{subsection.11.1}% 59
\BOOKMARK [3][-]{subsubsection.11.1.3}{\376\377\145\160\120\074\172\063\133\232\140\047}{subsection.11.1}% 60
\BOOKMARK [2][-]{subsection.11.2}{\376\377\116\016\164\006\213\272\230\204\147\037\166\204\133\371\153\324}{section.11}% 61
\BOOKMARK [1][-]{section.12}{\376\377\137\305\211\201\140\047\116\016\117\030\215\212\140\047\213\272\213\301}{}% 62
\BOOKMARK [2][-]{subsection.12.1}{\376\377\137\305\211\201\140\047}{section.12}% 63
\BOOKMARK [3][-]{subsubsection.12.1.1}{\376\377\162\151\164\006\116\377\167\037\163\257\130\203\166\204\126\372\147\011\162\171\140\047}{subsection.12.1}% 64
\BOOKMARK [3][-]{subsubsection.12.1.2}{\376\377\171\136\176\317\177\121\176\334\166\204\145\117\141\037\140\047}{subsection.12.1}% 65
\BOOKMARK [3][-]{subsubsection.12.1.3}{\376\377\213\255\176\303\116\015\172\063\133\232\166\204\150\071\156\220}{subsection.12.1}% 66
\BOOKMARK [2][-]{subsection.12.2}{\376\377\117\030\215\212\140\047}{section.12}% 67
\BOOKMARK [1][-]{section.13}{\376\377\176\323\213\272\116\016\134\125\147\033}{}% 68
\BOOKMARK [2][-]{subsection.13.1}{\376\377\116\073\211\201\176\323\213\272}{section.13}% 69
\BOOKMARK [3][-]{subsubsection.13.1.1}{\376\377\131\015\163\260\142\020\122\237\136\246}{subsection.13.1}% 70
\BOOKMARK [3][-]{subsubsection.13.1.2}{\376\377\145\071\217\333\145\110\147\234}{subsection.13.1}% 71
\BOOKMARK [2][-]{subsection.13.2}{\376\377\133\236\232\214\141\017\116\111}{section.13}% 72
\BOOKMARK [3][-]{subsubsection.13.2.1}{\376\377\133\146\147\057\116\367\120\074}{subsection.13.2}% 73
\BOOKMARK [3][-]{subsubsection.13.2.2}{\376\377\133\236\226\105\136\224\165\050\116\367\120\074}{subsection.13.2}% 74
\BOOKMARK [2][-]{subsection.13.3}{\376\377\147\052\147\145\135\345\117\134}{section.13}% 75
\BOOKMARK [3][-]{subsubsection.13.3.1}{\376\377\167\355\147\037\213\241\122\022}{subsection.13.3}% 76
\BOOKMARK [3][-]{subsubsection.13.3.2}{\376\377\116\055\147\037\213\241\122\022}{subsection.13.3}% 77
\BOOKMARK [3][-]{subsubsection.13.3.3}{\376\377\225\177\147\037\213\241\122\022}{subsection.13.3}% 78
\BOOKMARK [1][-]{section.14}{\376\377\226\104\137\125}{}% 79
\BOOKMARK [2][-]{subsection.14.1}{\376\377\145\071\217\333\221\115\177\156\145\207\116\366}{section.14}% 80
\BOOKMARK [2][-]{subsection.14.2}{\376\377\117\177\165\050\143\007\123\127}{section.14}% 81
\BOOKMARK [3][-]{subsubsection.14.2.1}{\376\377\137\353\220\037\155\113\213\325}{subsection.14.2}% 82
\BOOKMARK [3][-]{subsubsection.14.2.2}{\376\377\133\214\145\164\213\255\176\303}{subsection.14.2}% 83
\BOOKMARK [3][-]{subsubsection.14.2.3}{\376\377\133\371\153\324\213\304\117\060}{subsection.14.2}% 84
\BOOKMARK [2][-]{subsection.14.3}{\376\377\133\236\232\214\163\257\130\203}{section.14}% 85
\BOOKMARK [2][-]{subsection.14.4}{\376\377\123\302\200\003\145\207\163\056}{section.14}% 86
